#
# There is insufficient memory for the Java Runtime Environment to continue.
# Native memory allocation (malloc) failed to allocate 1048576 bytes for AllocateHeap
# Possible reasons:
#   The system is out of physical RAM or swap space
#   In 32 bit mode, the process size limit was hit
# Possible solutions:
#   Reduce memory load on the system
#   Increase physical memory or swap space
#   Check if swap backing store is full
#   Use 64 bit Java on a 64 bit OS
#   Decrease Java heap size (-Xmx/-Xms)
#   Decrease number of Java threads
#   Decrease Java thread stack sizes (-Xss)
#   Set larger code cache with -XX:ReservedCodeCacheSize=
# This output file may be truncated or incomplete.
#
#  Out of Memory Error (memory/allocation.inline.hpp:61), pid=10316, tid=0x00000000000010fc
#
# JRE version:  (8.0_161-b12) (build )
# Java VM: Java HotSpot(TM) 64-Bit Server VM (25.161-b12 mixed mode windows-amd64 compressed oops)
# Failed to write core dump. Minidumps are not enabled by default on client versions of Windows
#

---------------  T H R E A D  ---------------

Current thread (0x00000000021de800):  JavaThread "Unknown thread" [_thread_in_vm, id=4348, stack(0x00000000021f0000,0x00000000022f0000)]

Stack: [0x00000000021f0000,0x00000000022f0000]
[error occurred during error reporting (printing stack bounds), id 0xc0000005]

Native frames: (J=compiled Java code, j=interpreted, Vv=VM code, C=native code)


---------------  P R O C E S S  ---------------

Java Threads: ( => current thread )

Other Threads:

=>0x00000000021de800 (exited) JavaThread "Unknown thread" [_thread_in_vm, id=4348, stack(0x00000000021f0000,0x00000000022f0000)]

VM state:not at safepoint (normal execution)

VM Mutex/Monitor currently owned by a thread: None

Heap:
 PSYoungGen      total 38400K, used 665K [0x00000000d5e00000, 0x00000000d8880000, 0x0000000100000000)
  eden space 33280K, 2% used [0x00000000d5e00000,0x00000000d5ea6670,0x00000000d7e80000)
  from space 5120K, 0% used [0x00000000d8380000,0x00000000d8380000,0x00000000d8880000)
  to   space 5120K, 0% used [0x00000000d7e80000,0x00000000d7e80000,0x00000000d8380000)
 ParOldGen       total 87552K, used 0K [0x0000000081a00000, 0x0000000086f80000, 0x00000000d5e00000)
  object space 87552K, 0% used [0x0000000081a00000,0x0000000081a00000,0x0000000086f80000)
 Metaspace       used 770K, capacity 4480K, committed 4480K, reserved 1056768K
  class space    used 75K, capacity 384K, committed 384K, reserved 1048576K

Card table byte_map: [0x0000000011950000,0x0000000011d50000] byte_map_base: 0x0000000011543000

Marking Bits: (ParMarkBitMap*) 0x000000007188f860
 Begin Bits: [0x0000000012400000, 0x0000000014398000)
 End Bits:   [0x0000000014398000, 0x0000000016330000)

Polling page: 0x0000000000a00000

CodeCache: size=245760Kb used=328Kb max_used=328Kb free=245431Kb
 bounds [0x0000000002590000, 0x0000000002800000, 0x0000000011590000]
 total_blobs=58 nmethods=0 adapters=38
 compilation: enabled

Compilation events (0 events):
No events

GC Heap History (0 events):
No events

Deoptimization events (0 events):
No events

Classes redefined (0 events):
No events

Internal exceptions (0 events):
No events

Events (10 events):
Event: 0.092 loading class java/lang/Short
Event: 0.092 loading class java/lang/Short done
Event: 0.092 loading class java/lang/Integer
Event: 0.092 loading class java/lang/Integer done
Event: 0.092 loading class java/lang/Long
Event: 0.092 loading class java/lang/Long done
Event: 0.093 loading class java/lang/NullPointerException
Event: 0.093 loading class java/lang/NullPointerException done
Event: 0.093 loading class java/lang/ArithmeticException
Event: 0.093 loading class java/lang/ArithmeticException done


Dynamic libraries:
0x00007ff6c0b80000 - 0x00007ff6c0bb7000 	C:\Program Files\Java\jdk1.8.0_161\bin\java.exe
0x00007ffb23060000 - 0x00007ffb2320a000 	C:\Windows\SYSTEM32\ntdll.dll
0x00007ffb22ce0000 - 0x00007ffb22e1a000 	C:\Windows\system32\KERNEL32.DLL
0x00007ffb20700000 - 0x00007ffb2080f000 	C:\Windows\system32\KERNELBASE.dll
0x00007ffb1eb60000 - 0x00007ffb1ebe8000 	C:\Windows\system32\apphelp.dll
0x00007ffb0e0d0000 - 0x00007ffb0e11f000 	C:\Windows\AppPatch\AppPatch64\AcGenral.DLL
0x00007ffb20a00000 - 0x00007ffb20aa7000 	C:\Windows\system32\msvcrt.dll
0x00007ffb20250000 - 0x00007ffb2027b000 	C:\Windows\SYSTEM32\SspiCli.dll
0x00007ffb20ab0000 - 0x00007ffb20b01000 	C:\Windows\system32\SHLWAPI.dll
0x00007ffb21420000 - 0x00007ffb21591000 	C:\Windows\system32\USER32.dll
0x00007ffb21290000 - 0x00007ffb21408000 	C:\Windows\system32\ole32.dll
0x00007ffb218c0000 - 0x00007ffb22cd7000 	C:\Windows\system32\SHELL32.dll
0x00007ffb1f9b0000 - 0x00007ffb1f9ce000 	C:\Windows\SYSTEM32\USERENV.dll
0x00007ffb20b80000 - 0x00007ffb20c25000 	C:\Windows\system32\ADVAPI32.dll
0x00007ffb12ad0000 - 0x00007ffb12aeb000 	C:\Windows\SYSTEM32\MPR.dll
0x00007ffb20ed0000 - 0x00007ffb21006000 	C:\Windows\system32\RPCRT4.dll
0x00007ffb215a0000 - 0x00007ffb215f7000 	C:\Windows\SYSTEM32\sechost.dll
0x00007ffb210b0000 - 0x00007ffb21286000 	C:\Windows\SYSTEM32\combase.dll
0x00007ffb208b0000 - 0x00007ffb209f5000 	C:\Windows\system32\GDI32.dll
0x00007ffb203a0000 - 0x00007ffb203b4000 	C:\Windows\SYSTEM32\profapi.dll
0x00007ffb1e4d0000 - 0x00007ffb1e56f000 	C:\Windows\SYSTEM32\SHCORE.dll
0x00007ffb21010000 - 0x00007ffb21044000 	C:\Windows\system32\IMM32.DLL
0x00007ffb20c30000 - 0x00007ffb20d69000 	C:\Windows\system32\MSCTF.dll
0x00007ffb1dee0000 - 0x00007ffb1e13a000 	C:\Windows\WinSxS\amd64_microsoft.windows.common-controls_6595b64144ccf1df_6.0.9600.17031_none_6242a4b3ecbb55a1\COMCTL32.dll
0x0000000070f90000 - 0x0000000071062000 	C:\Program Files\Java\jdk1.8.0_161\jre\bin\msvcr100.dll
0x0000000071070000 - 0x000000007190f000 	C:\Program Files\Java\jdk1.8.0_161\jre\bin\server\jvm.dll
0x00007ffb18de0000 - 0x00007ffb18de9000 	C:\Windows\SYSTEM32\WSOCK32.dll
0x00007ffb19bb0000 - 0x00007ffb19bcf000 	C:\Windows\SYSTEM32\WINMM.dll
0x00007ffb19b40000 - 0x00007ffb19b4a000 	C:\Windows\SYSTEM32\VERSION.dll
0x00007ffb21410000 - 0x00007ffb21417000 	C:\Windows\system32\PSAPI.DLL
0x00007ffb22fd0000 - 0x00007ffb23028000 	C:\Windows\system32\WS2_32.dll
0x00007ffb18e50000 - 0x00007ffb18e7a000 	C:\Windows\SYSTEM32\WINMMBASE.dll
0x00007ffb22e20000 - 0x00007ffb22e29000 	C:\Windows\system32\NSI.dll
0x00007ffb20810000 - 0x00007ffb2085a000 	C:\Windows\SYSTEM32\cfgmgr32.dll
0x00007ffb1f230000 - 0x00007ffb1f256000 	C:\Windows\SYSTEM32\DEVOBJ.dll
0x0000000072060000 - 0x000000007206f000 	C:\Program Files\Java\jdk1.8.0_161\jre\bin\verify.dll
0x0000000072030000 - 0x0000000072059000 	C:\Program Files\Java\jdk1.8.0_161\jre\bin\java.dll
0x0000000071dc0000 - 0x0000000071de3000 	C:\Program Files\Java\jdk1.8.0_161\jre\bin\instrument.dll
0x0000000072010000 - 0x0000000072026000 	C:\Program Files\Java\jdk1.8.0_161\jre\bin\zip.dll

VM Arguments:
jvm_args: -Djava.security.manager=worker.org.gradle.process.internal.worker.child.BootstrapSecurityManager -Dorg.gradle.native=false -javaagent:build/tmp/expandedArchives/org.jacoco.agent-0.8.1.jar_8059ed6e1ab8b88aac5d9097fad847bb/jacocoagent.jar=destfile=build/jacoco/test.exec,append=true,inclnolocationclasses=false,dumponexit=true,output=file,jmx=false -Dfile.encoding=windows-1252 -Duser.country=IN -Duser.language=en -Duser.variant -ea 
java_command: worker.org.gradle.process.internal.worker.GradleWorkerMain 'Gradle Test Executor 5'
java_class_path (initial): C:\Users\TOSHIBA\.gradle\caches\4.10.2\workerMain\gradle-worker.jar;build/tmp/expandedArchives/org.jacoco.agent-0.8.1.jar_8059ed6e1ab8b88aac5d9097fad847bb/jacocoagent.jar
Launcher Type: SUN_STANDARD

Environment Variables:
JAVA_HOME=C:\Program Files\Java\jdk1.8.0_161
CLASSPATH=C:\Gradle\gradle-4.10.2\bin\..\lib\gradle-launcher-4.10.2.jar
PATH=C:\Program Files\Java\jdk1.8.0_161\bin;C:\Program Files\nodejs\;C:\Users\Python\Scripts\;C:\Users\Python\;C:\Program Files\Java\jdk1.8.0_161\bin;C:\Users\TOSHIBA\AppData\Roaming\npm;C:\Users\nodejs;C:\Gradle\gradle-4.10.2\bin
USERNAME=Munny
OS=Windows_NT
PROCESSOR_IDENTIFIER=Intel64 Family 6 Model 58 Stepping 9, GenuineIntel



---------------  S Y S T E M  ---------------

OS: Windows 8.1 , 64 bit Build 9600 (6.3.9600.17056)

CPU:total 4 (initial active 4) (2 cores per cpu, 2 threads per core) family 6 model 58 stepping 9, cmov, cx8, fxsr, mmx, sse, sse2, sse3, ssse3, sse4.1, sse4.2, popcnt, avx, aes, clmul, erms, ht, tsc, tscinvbit, tscinv

Memory: 4k page, physical 8280236k(1294004k free), swap 10377388k(5516k free)

vm_info: Java HotSpot(TM) 64-Bit Server VM (25.161-b12) for windows-amd64 JRE (1.8.0_161-b12), built on Dec 19 2017 17:52:25 by "java_re" with MS VC++ 10.0 (VS2010)

time: Mon Oct 22 00:15:40 2018
elapsed time: 0 seconds (0d 0h 0m 0s)

